`/bin/bash -c "alias ll='ls -la'

vecho() {
    if [[ \"true\" == \"true\" ]]; then
        echo \"\$@\"
    fi
}
vecho_red() {
    (vecho \"\$@\" >&2)
}

# Save bash history (and optionally echo it out as it happens)
save_history() {
    vecho_red \" ---> \$BASH_COMMAND\"
    history -s \"\$BASH_COMMAND\"
    history -a
}

# Save our environment into \`/meta/.env\`, eliminating read-only variables
# so that this file can be sourced upon entering a debug shell.
save_env() {
    set +x
    set > /meta/.env
    # Ignore read-only variables
    for l in BASHOPTS BASH_VERSINFO UID EUID PPID SHELLOPTS; do
        grep -v \"^\$l=\" /meta/.env > /meta/.env2
        mv /meta/.env2 /meta/.env
    done
    echo \"cd \$(pwd)\" >> /meta/.env
}

# We do a little sleight-of-hand here; we want to build inside of a tmpfs
# because \`srcdir\` might be mapped in through a networked filesystem, which
# totally wrecks our I/O performance.  So what we do instead is bind-mount
# \`srcdir\` to another location so that we can always get at it, copy its
# contents to a new tmpfs we mount at the location of \`srcdir\`, then when
# we exit on an error, we copy everything back over again
tmpify_srcdir() {
    vecho \"Copying srcdir to tmpfs...\"
    mkdir -p \$WORKSPACE/.true_srcdir
    mount --bind \$WORKSPACE/srcdir \$WORKSPACE/.true_srcdir
    mount -t tmpfs tmpfs \$WORKSPACE/srcdir
    rsync -rlptD \$WORKSPACE/.true_srcdir/ \$WORKSPACE/srcdir

    # We may have changed what pwd() means out from underneath ourselves
    cd \$(pwd)
}

# Copy our tmpfs version of \`srcdir\` back onto disk.
save_srcdir() {
    vecho_red \"Saving srcdir due to previous error...\"
    rsync -rlptD \$WORKSPACE/srcdir/ \$WORKSPACE/.true_srcdir --delete
}

# If /meta is mounted, then we want to save history and environment
if [[ -d /meta ]]; then
    trap save_history DEBUG
    trap \"save_env\" EXIT
    trap \"save_env; save_srcdir\" INT TERM ERR
fi

# Stop if we hit any errors.
set -e

# Swap out srcdir from underneath our feet
tmpify_srcdir

cd \$WORKSPACE/srcdir/eltopo/eltopo3d/
cat <<EOF > Makefile.local_defs
INCLUDE_PATH = -I. -I../common -I../common/newsparse -I../common/meshes -I../common/tunicate
DEPEND = g++ -D__LITTLE_ENDIAN__ -DUSE_FORTRAN_BLAS -DNO_GUI
CC = g++ -Wall -D__LITTLE_ENDIAN__ -DUSE_FORTRAN_BLAS -DNO_GUI -fPIC 
RELEASE_FLAGS = -O3 -funroll-loops
DEBUG_FLAGS = -g
LINK = g++
LINK_LIBS = -lGL -lGLU -lglut -llapack -lblas 
EOF

make depend
make release

cd \$WORKSPACE
(cd srcdir/eltopo/eltopo3d && find . -name '*.h' -print | tar --create --files-from -) | (cd \$WORKSPACE/destdir/include && tar xvfp -)
(cd srcdir/eltopo/common && find . -name '*.h' -print | tar --create --files-from -) | (cd \$WORKSPACE/destdir/include && tar xvfp -)

g++ srcdir/eltopo/eltopo3d/obj/*.o destdir/lib/libopenblas64_.a -o destdir/lib/eltopo.so -fPIC -shared -lstdc++ -lm -lgfortran
g++ srcdir/eltopoc.cpp -o destdir/lib/eltopoc.so -fPIC -shared -I./destdir/include ./destdir/lib/eltopo.so
exit

"`
verbose sandbox enabled (running in unprivileged container mode)
Parsed --rootfs as "/home/janiserdmanis/.julia/packages/BinaryBuilder/urI2A/deps/mounts/Rootfs.v2018.9.18.x86_64-linux-gnu"
Parsed --cd as "/workspace/srcdir"
Parsed --workspace as "/home/janiserdmanis/BtSync/Projects/Julia/ElTopoBuilder/build/x86_64-linux-gnu/e5pyaoK1" -> "/workspace"
Parsed --workspace as "/home/janiserdmanis/BtSync/Projects/Julia/ElTopoBuilder/build/x86_64-linux-gnu/e5pyaoK1/metadir" -> "/meta"
Parsed --map as "/home/janiserdmanis/.julia/packages/BinaryBuilder/urI2A/deps/mounts/BaseCompilerShard-x86_64-linux-gnu.v2018.10.10.x86_64-linux-gnu" -> "/opt/x86_64-linux-gnu/BaseCompilerShard-2018.10.10"
Parsed --map as "/home/janiserdmanis/.julia/packages/BinaryBuilder/urI2A/deps/mounts/GCC-x86_64-linux-gnu.v4.8.5.x86_64-linux-gnu" -> "/opt/x86_64-linux-gnu/GCC-4.8.5"
Parsed --map as "/home/janiserdmanis/.julia/packages/BinaryBuilder/urI2A/deps/mounts/LLVM.v6.0.1-0.x86_64-linux-gnu" -> "/opt/x86_64-linux-gnu/LLVM-6.0.1-0"
--> Creating overlay workdir at /proc
--> Mounting overlay of /home/janiserdmanis/.julia/packages/BinaryBuilder/urI2A/deps/mounts/Rootfs.v2018.9.18.x86_64-linux-gnu at /home/janiserdmanis/.julia/packages/BinaryBuilder/urI2A/deps/mounts/Rootfs.v2018.9.18.x86_64-linux-gnu (modifications in /proc/upper/rootfs, workspace in /proc/work/rootfs)
--> mapping /home/janiserdmanis/.julia/packages/BinaryBuilder/urI2A/deps/mounts/LLVM.v6.0.1-0.x86_64-linux-gnu to /home/janiserdmanis/.julia/packages/BinaryBuilder/urI2A/deps/mounts/Rootfs.v2018.9.18.x86_64-linux-gnu/opt/x86_64-linux-gnu/LLVM-6.0.1-0
--> mapping /home/janiserdmanis/.julia/packages/BinaryBuilder/urI2A/deps/mounts/GCC-x86_64-linux-gnu.v4.8.5.x86_64-linux-gnu to /home/janiserdmanis/.julia/packages/BinaryBuilder/urI2A/deps/mounts/Rootfs.v2018.9.18.x86_64-linux-gnu/opt/x86_64-linux-gnu/GCC-4.8.5
--> mapping /home/janiserdmanis/.julia/packages/BinaryBuilder/urI2A/deps/mounts/BaseCompilerShard-x86_64-linux-gnu.v2018.10.10.x86_64-linux-gnu to /home/janiserdmanis/.julia/packages/BinaryBuilder/urI2A/deps/mounts/Rootfs.v2018.9.18.x86_64-linux-gnu/opt/x86_64-linux-gnu/BaseCompilerShard-2018.10.10
--> Mounting overlay of /home/janiserdmanis/.julia/packages/BinaryBuilder/urI2A/deps/mounts/Rootfs.v2018.9.18.x86_64-linux-gnu/opt/x86_64-linux-gnu/BaseCompilerShard-2018.10.10:/home/janiserdmanis/.julia/packages/BinaryBuilder/urI2A/deps/mounts/Rootfs.v2018.9.18.x86_64-linux-gnu/opt/x86_64-linux-gnu/GCC-4.8.5:/home/janiserdmanis/.julia/packages/BinaryBuilder/urI2A/deps/mounts/Rootfs.v2018.9.18.x86_64-linux-gnu/opt/x86_64-linux-gnu/LLVM-6.0.1-0 at /home/janiserdmanis/.julia/packages/BinaryBuilder/urI2A/deps/mounts/Rootfs.v2018.9.18.x86_64-linux-gnu/opt/x86_64-linux-gnu (modifications in /proc/upper/x86_64-linux-gnu, workspace in /proc/work/x86_64-linux-gnu)
--> Mounting procfs at /home/janiserdmanis/.julia/packages/BinaryBuilder/urI2A/deps/mounts/Rootfs.v2018.9.18.x86_64-linux-gnu/proc
--> Mounting /dev/null at /home/janiserdmanis/.julia/packages/BinaryBuilder/urI2A/deps/mounts/Rootfs.v2018.9.18.x86_64-linux-gnu/dev/null
--> Mounting /dev/tty at /home/janiserdmanis/.julia/packages/BinaryBuilder/urI2A/deps/mounts/Rootfs.v2018.9.18.x86_64-linux-gnu/dev/tty
--> Mounting /dev/urandom at /home/janiserdmanis/.julia/packages/BinaryBuilder/urI2A/deps/mounts/Rootfs.v2018.9.18.x86_64-linux-gnu/dev/urandom
--> workspacing /home/janiserdmanis/BtSync/Projects/Julia/ElTopoBuilder/build/x86_64-linux-gnu/e5pyaoK1/metadir to /home/janiserdmanis/.julia/packages/BinaryBuilder/urI2A/deps/mounts/Rootfs.v2018.9.18.x86_64-linux-gnu/meta
--> workspacing /home/janiserdmanis/BtSync/Projects/Julia/ElTopoBuilder/build/x86_64-linux-gnu/e5pyaoK1 to /home/janiserdmanis/.julia/packages/BinaryBuilder/urI2A/deps/mounts/Rootfs.v2018.9.18.x86_64-linux-gnu/workspace
--> Mounting procfs at /proc
About to run `/bin/bash` `-c` `alias ll='ls -la'

vecho() {
    if [[ "true" == "true" ]]; then
        echo "$@"
    fi
}
vecho_red() {
    (vecho "$@" >&2)
}

# Save bash history (and optionally echo it out as it happens)
save_history() {
    vecho_red " ---> $BASH_COMMAND"
    history -s "$BASH_COMMAND"
    history -a
}

# Save our environment into `/meta/.env`, eliminating read-only variables
# so that this file can be sourced upon entering a debug shell.
save_env() {
    set +x
    set > /meta/.env
    # Ignore read-only variables
    for l in BASHOPTS BASH_VERSINFO UID EUID PPID SHELLOPTS; do
        grep -v "^$l=" /meta/.env > /meta/.env2
        mv /meta/.env2 /meta/.env
    done
    echo "cd $(pwd)" >> /meta/.env
}

# We do a little sleight-of-hand here; we want to build inside of a tmpfs
# because `srcdir` might be mapped in through a networked filesystem, which
# totally wrecks our I/O performance.  So what we do instead is bind-mount
# `srcdir` to another location so that we can always get at it, copy its
# contents to a new tmpfs we mount at the location of `srcdir`, then when
# we exit on an error, we copy everything back over again
tmpify_srcdir() {
    vecho "Copying srcdir to tmpfs..."
    mkdir -p $WORKSPACE/.true_srcdir
    mount --bind $WORKSPACE/srcdir $WORKSPACE/.true_srcdir
    mount -t tmpfs tmpfs $WORKSPACE/srcdir
    rsync -rlptD $WORKSPACE/.true_srcdir/ $WORKSPACE/srcdir

    # We may have changed what pwd() means out from underneath ourselves
    cd $(pwd)
}

# Copy our tmpfs version of `srcdir` back onto disk.
save_srcdir() {
    vecho_red "Saving srcdir due to previous error..."
    rsync -rlptD $WORKSPACE/srcdir/ $WORKSPACE/.true_srcdir --delete
}

# If /meta is mounted, then we want to save history and environment
if [[ -d /meta ]]; then
    trap save_history DEBUG
    trap "save_env" EXIT
    trap "save_env; save_srcdir" INT TERM ERR
fi

# Stop if we hit any errors.
set -e

# Swap out srcdir from underneath our feet
tmpify_srcdir

cd $WORKSPACE/srcdir/eltopo/eltopo3d/
cat <<EOF > Makefile.local_defs
INCLUDE_PATH = -I. -I../common -I../common/newsparse -I../common/meshes -I../common/tunicate
DEPEND = g++ -D__LITTLE_ENDIAN__ -DUSE_FORTRAN_BLAS -DNO_GUI
CC = g++ -Wall -D__LITTLE_ENDIAN__ -DUSE_FORTRAN_BLAS -DNO_GUI -fPIC 
RELEASE_FLAGS = -O3 -funroll-loops
DEBUG_FLAGS = -g
LINK = g++
LINK_LIBS = -lGL -lGLU -lglut -llapack -lblas 
EOF

make depend
make release

cd $WORKSPACE
(cd srcdir/eltopo/eltopo3d && find . -name '*.h' -print | tar --create --files-from -) | (cd $WORKSPACE/destdir/include && tar xvfp -)
(cd srcdir/eltopo/common && find . -name '*.h' -print | tar --create --files-from -) | (cd $WORKSPACE/destdir/include && tar xvfp -)

g++ srcdir/eltopo/eltopo3d/obj/*.o destdir/lib/libopenblas64_.a -o destdir/lib/eltopo.so -fPIC -shared -lstdc++ -lm -lgfortran
g++ srcdir/eltopoc.cpp -o destdir/lib/eltopoc.so -fPIC -shared -I./destdir/include ./destdir/lib/eltopo.so
exit

` 
Copying srcdir to tmpfs...
 ---> trap "save_env" EXIT
 ---> trap "save_env; save_srcdir" INT TERM ERR
 ---> set -e
 ---> tmpify_srcdir
 ---> cd $WORKSPACE/srcdir/eltopo/eltopo3d/
 ---> cat  > Makefile.local_defs <<EOF
INCLUDE_PATH = -I. -I../common -I../common/newsparse -I../common/meshes -I../common/tunicate
DEPEND = g++ -D__LITTLE_ENDIAN__ -DUSE_FORTRAN_BLAS -DNO_GUI
CC = g++ -Wall -D__LITTLE_ENDIAN__ -DUSE_FORTRAN_BLAS -DNO_GUI -fPIC 
RELEASE_FLAGS = -O3 -funroll-loops
DEBUG_FLAGS = -g
LINK = g++
LINK_LIBS = -lGL -lGLU -lglut -llapack -lblas 
EOF

 ---> make depend
mkdir obj
rm -f obj/depend
g++ -D__LITTLE_ENDIAN__ -DUSE_FORTRAN_BLAS -DNO_GUI -MM accelerationgrid.cpp -MT obj/accelerationgrid.o -I. -I../common -I../common/newsparse -I../common/meshes -I../common/tunicate >> obj/depend; g++ -D__LITTLE_ENDIAN__ -DUSE_FORTRAN_BLAS -DNO_GUI -MM broadphasegrid.cpp -MT obj/broadphasegrid.o -I. -I../common -I../common/newsparse -I../common/meshes -I../common/tunicate >> obj/depend; g++ -D__LITTLE_ENDIAN__ -DUSE_FORTRAN_BLAS -DNO_GUI -MM collisionpipeline.cpp -MT obj/collisionpipeline.o -I. -I../common -I../common/newsparse -I../common/meshes -I../common/tunicate >> obj/depend; g++ -D__LITTLE_ENDIAN__ -DUSE_FORTRAN_BLAS -DNO_GUI -MM dynamicsurface.cpp -MT obj/dynamicsurface.o -I. -I../common -I../common/newsparse -I../common/meshes -I../common/tunicate >> obj/depend; g++ -D__LITTLE_ENDIAN__ -DUSE_FORTRAN_BLAS -DNO_GUI -MM edgecollapser.cpp -MT obj/edgecollapser.o -I. -I../common -I../common/newsparse -I../common/meshes -I../common/tunicate >> obj/depend; g++ -D__LITTLE_ENDIAN__ -DUSE_FORTRAN_BLAS -DNO_GUI -MM edgeflipper.cpp -MT obj/edgeflipper.o -I. -I../common -I../common/newsparse -I../common/meshes -I../common/tunicate >> obj/depend; g++ -D__LITTLE_ENDIAN__ -DUSE_FORTRAN_BLAS -DNO_GUI -MM edgesplitter.cpp -MT obj/edgesplitter.o -I. -I../common -I../common/newsparse -I../common/meshes -I../common/tunicate >> obj/depend; g++ -D__LITTLE_ENDIAN__ -DUSE_FORTRAN_BLAS -DNO_GUI -MM eltopo.cpp -MT obj/eltopo.o -I. -I../common -I../common/newsparse -I../common/meshes -I../common/tunicate >> obj/depend; g++ -D__LITTLE_ENDIAN__ -DUSE_FORTRAN_BLAS -DNO_GUI -MM impactzonesolver.cpp -MT obj/impactzonesolver.o -I. -I../common -I../common/newsparse -I../common/meshes -I../common/tunicate >> obj/depend; g++ -D__LITTLE_ENDIAN__ -DUSE_FORTRAN_BLAS -DNO_GUI -MM meshmerger.cpp -MT obj/meshmerger.o -I. -I../common -I../common/newsparse -I../common/meshes -I../common/tunicate >> obj/depend; g++ -D__LITTLE_ENDIAN__ -DUSE_FORTRAN_BLAS -DNO_GUI -MM meshpincher.cpp -MT obj/meshpincher.o -I. -I../common -I../common/newsparse -I../common/meshes -I../common/tunicate >> obj/depend; g++ -D__LITTLE_ENDIAN__ -DUSE_FORTRAN_BLAS -DNO_GUI -MM meshsmoother.cpp -MT obj/meshsmoother.o -I. -I../common -I../common/newsparse -I../common/meshes -I../common/tunicate >> obj/depend; g++ -D__LITTLE_ENDIAN__ -DUSE_FORTRAN_BLAS -DNO_GUI -MM meshrenderer.cpp -MT obj/meshrenderer.o -I. -I../common -I../common/newsparse -I../common/meshes -I../common/tunicate >> obj/depend; g++ -D__LITTLE_ENDIAN__ -DUSE_FORTRAN_BLAS -DNO_GUI -MM nondestructivetrimesh.cpp -MT obj/nondestructivetrimesh.o -I. -I../common -I../common/newsparse -I../common/meshes -I../common/tunicate >> obj/depend; g++ -D__LITTLE_ENDIAN__ -DUSE_FORTRAN_BLAS -DNO_GUI -MM subdivisionscheme.cpp -MT obj/subdivisionscheme.o -I. -I../common -I../common/newsparse -I../common/meshes -I../common/tunicate >> obj/depend; g++ -D__LITTLE_ENDIAN__ -DUSE_FORTRAN_BLAS -DNO_GUI -MM surftrack.cpp -MT obj/surftrack.o -I. -I../common -I../common/newsparse -I../common/meshes -I../common/tunicate >> obj/depend; g++ -D__LITTLE_ENDIAN__ -DUSE_FORTRAN_BLAS -DNO_GUI -MM trianglequality.cpp -MT obj/trianglequality.o -I. -I../common -I../common/newsparse -I../common/meshes -I../common/tunicate >> obj/depend; g++ -D__LITTLE_ENDIAN__ -DUSE_FORTRAN_BLAS -DNO_GUI -MM ../common/wallclocktime.cpp -MT obj/wallclocktime.o -I. -I../common -I../common/newsparse -I../common/meshes -I../common/tunicate >> obj/depend; g++ -D__LITTLE_ENDIAN__ -DUSE_FORTRAN_BLAS -DNO_GUI -MM ../common/newsparse/sparse_matrix.cpp -MT obj/sparse_matrix.o -I. -I../common -I../common/newsparse -I../common/meshes -I../common/tunicate >> obj/depend; g++ -D__LITTLE_ENDIAN__ -DUSE_FORTRAN_BLAS -DNO_GUI -MM ../common/newsparse/krylov_solvers.cpp -MT obj/krylov_solvers.o -I. -I../common -I../common/newsparse -I../common/meshes -I../common/tunicate >> obj/depend; g++ -D__LITTLE_ENDIAN__ -DUSE_FORTRAN_BLAS -DNO_GUI -MM ../common/tunicate/expansion.cpp -MT obj/expansion.o -I. -I../common -I../common/newsparse -I../common/meshes -I../common/tunicate >> obj/depend; g++ -D__LITTLE_ENDIAN__ -DUSE_FORTRAN_BLAS -DNO_GUI -MM ../common/tunicate/intersection.cpp -MT obj/intersection.o -I. -I../common -I../common/newsparse -I../common/meshes -I../common/tunicate >> obj/depend; g++ -D__LITTLE_ENDIAN__ -DUSE_FORTRAN_BLAS -DNO_GUI -MM ../common/tunicate/neg.cpp -MT obj/neg.o -I. -I../common -I../common/newsparse -I../common/meshes -I../common/tunicate >> obj/depend; g++ -D__LITTLE_ENDIAN__ -DUSE_FORTRAN_BLAS -DNO_GUI -MM ../common/tunicate/orientation.cpp -MT obj/orientation.o -I. -I../common -I../common/newsparse -I../common/meshes -I../common/tunicate >> obj/depend; g++ -D__LITTLE_ENDIAN__ -DUSE_FORTRAN_BLAS -DNO_GUI -MM ../common/root_parity_ccd_wrapper.cpp -MT obj/root_parity_ccd_wrapper.o -I. -I../common -I../common/newsparse -I../common/meshes -I../common/tunicate >> obj/depend; g++ -D__LITTLE_ENDIAN__ -DUSE_FORTRAN_BLAS -DNO_GUI -MM ../common/cubic_ccd_wrapper.cpp -MT obj/cubic_ccd_wrapper.o -I. -I../common -I../common/newsparse -I../common/meshes -I../common/tunicate >> obj/depend; g++ -D__LITTLE_ENDIAN__ -DUSE_FORTRAN_BLAS -DNO_GUI -MM ../common/collisionqueries.cpp -MT obj/collisionqueries.o -I. -I../common -I../common/newsparse -I../common/meshes -I../common/tunicate >> obj/depend;
mkdir obj_debug
rm -f obj_debug/depend
g++ -D__LITTLE_ENDIAN__ -DUSE_FORTRAN_BLAS -DNO_GUI -MM accelerationgrid.cpp -MT obj_debug/accelerationgrid.o -I. -I../common -I../common/newsparse -I../common/meshes -I../common/tunicate >> obj_debug/depend; g++ -D__LITTLE_ENDIAN__ -DUSE_FORTRAN_BLAS -DNO_GUI -MM broadphasegrid.cpp -MT obj_debug/broadphasegrid.o -I. -I../common -I../common/newsparse -I../common/meshes -I../common/tunicate >> obj_debug/depend; g++ -D__LITTLE_ENDIAN__ -DUSE_FORTRAN_BLAS -DNO_GUI -MM collisionpipeline.cpp -MT obj_debug/collisionpipeline.o -I. -I../common -I../common/newsparse -I../common/meshes -I../common/tunicate >> obj_debug/depend; g++ -D__LITTLE_ENDIAN__ -DUSE_FORTRAN_BLAS -DNO_GUI -MM dynamicsurface.cpp -MT obj_debug/dynamicsurface.o -I. -I../common -I../common/newsparse -I../common/meshes -I../common/tunicate >> obj_debug/depend; g++ -D__LITTLE_ENDIAN__ -DUSE_FORTRAN_BLAS -DNO_GUI -MM edgecollapser.cpp -MT obj_debug/edgecollapser.o -I. -I../common -I../common/newsparse -I../common/meshes -I../common/tunicate >> obj_debug/depend; g++ -D__LITTLE_ENDIAN__ -DUSE_FORTRAN_BLAS -DNO_GUI -MM edgeflipper.cpp -MT obj_debug/edgeflipper.o -I. -I../common -I../common/newsparse -I../common/meshes -I../common/tunicate >> obj_debug/depend; g++ -D__LITTLE_ENDIAN__ -DUSE_FORTRAN_BLAS -DNO_GUI -MM edgesplitter.cpp -MT obj_debug/edgesplitter.o -I. -I../common -I../common/newsparse -I../common/meshes -I../common/tunicate >> obj_debug/depend; g++ -D__LITTLE_ENDIAN__ -DUSE_FORTRAN_BLAS -DNO_GUI -MM eltopo.cpp -MT obj_debug/eltopo.o -I. -I../common -I../common/newsparse -I../common/meshes -I../common/tunicate >> obj_debug/depend; g++ -D__LITTLE_ENDIAN__ -DUSE_FORTRAN_BLAS -DNO_GUI -MM impactzonesolver.cpp -MT obj_debug/impactzonesolver.o -I. -I../common -I../common/newsparse -I../common/meshes -I../common/tunicate >> obj_debug/depend; g++ -D__LITTLE_ENDIAN__ -DUSE_FORTRAN_BLAS -DNO_GUI -MM meshmerger.cpp -MT obj_debug/meshmerger.o -I. -I../common -I../common/newsparse -I../common/meshes -I../common/tunicate >> obj_debug/depend; g++ -D__LITTLE_ENDIAN__ -DUSE_FORTRAN_BLAS -DNO_GUI -MM meshpincher.cpp -MT obj_debug/meshpincher.o -I. -I../common -I../common/newsparse -I../common/meshes -I../common/tunicate >> obj_debug/depend; g++ -D__LITTLE_ENDIAN__ -DUSE_FORTRAN_BLAS -DNO_GUI -MM meshsmoother.cpp -MT obj_debug/meshsmoother.o -I. -I../common -I../common/newsparse -I../common/meshes -I../common/tunicate >> obj_debug/depend; g++ -D__LITTLE_ENDIAN__ -DUSE_FORTRAN_BLAS -DNO_GUI -MM meshrenderer.cpp -MT obj_debug/meshrenderer.o -I. -I../common -I../common/newsparse -I../common/meshes -I../common/tunicate >> obj_debug/depend; g++ -D__LITTLE_ENDIAN__ -DUSE_FORTRAN_BLAS -DNO_GUI -MM nondestructivetrimesh.cpp -MT obj_debug/nondestructivetrimesh.o -I. -I../common -I../common/newsparse -I../common/meshes -I../common/tunicate >> obj_debug/depend; g++ -D__LITTLE_ENDIAN__ -DUSE_FORTRAN_BLAS -DNO_GUI -MM subdivisionscheme.cpp -MT obj_debug/subdivisionscheme.o -I. -I../common -I../common/newsparse -I../common/meshes -I../common/tunicate >> obj_debug/depend; g++ -D__LITTLE_ENDIAN__ -DUSE_FORTRAN_BLAS -DNO_GUI -MM surftrack.cpp -MT obj_debug/surftrack.o -I. -I../common -I../common/newsparse -I../common/meshes -I../common/tunicate >> obj_debug/depend; g++ -D__LITTLE_ENDIAN__ -DUSE_FORTRAN_BLAS -DNO_GUI -MM trianglequality.cpp -MT obj_debug/trianglequality.o -I. -I../common -I../common/newsparse -I../common/meshes -I../common/tunicate >> obj_debug/depend; g++ -D__LITTLE_ENDIAN__ -DUSE_FORTRAN_BLAS -DNO_GUI -MM ../common/wallclocktime.cpp -MT obj_debug/wallclocktime.o -I. -I../common -I../common/newsparse -I../common/meshes -I../common/tunicate >> obj_debug/depend; g++ -D__LITTLE_ENDIAN__ -DUSE_FORTRAN_BLAS -DNO_GUI -MM ../common/newsparse/sparse_matrix.cpp -MT obj_debug/sparse_matrix.o -I. -I../common -I../common/newsparse -I../common/meshes -I../common/tunicate >> obj_debug/depend; g++ -D__LITTLE_ENDIAN__ -DUSE_FORTRAN_BLAS -DNO_GUI -MM ../common/newsparse/krylov_solvers.cpp -MT obj_debug/krylov_solvers.o -I. -I../common -I../common/newsparse -I../common/meshes -I../common/tunicate >> obj_debug/depend; g++ -D__LITTLE_ENDIAN__ -DUSE_FORTRAN_BLAS -DNO_GUI -MM ../common/tunicate/expansion.cpp -MT obj_debug/expansion.o -I. -I../common -I../common/newsparse -I../common/meshes -I../common/tunicate >> obj_debug/depend; g++ -D__LITTLE_ENDIAN__ -DUSE_FORTRAN_BLAS -DNO_GUI -MM ../common/tunicate/intersection.cpp -MT obj_debug/intersection.o -I. -I../common -I../common/newsparse -I../common/meshes -I../common/tunicate >> obj_debug/depend; g++ -D__LITTLE_ENDIAN__ -DUSE_FORTRAN_BLAS -DNO_GUI -MM ../common/tunicate/neg.cpp -MT obj_debug/neg.o -I. -I../common -I../common/newsparse -I../common/meshes -I../common/tunicate >> obj_debug/depend; g++ -D__LITTLE_ENDIAN__ -DUSE_FORTRAN_BLAS -DNO_GUI -MM ../common/tunicate/orientation.cpp -MT obj_debug/orientation.o -I. -I../common -I../common/newsparse -I../common/meshes -I../common/tunicate >> obj_debug/depend; g++ -D__LITTLE_ENDIAN__ -DUSE_FORTRAN_BLAS -DNO_GUI -MM ../common/root_parity_ccd_wrapper.cpp -MT obj_debug/root_parity_ccd_wrapper.o -I. -I../common -I../common/newsparse -I../common/meshes -I../common/tunicate >> obj_debug/depend; g++ -D__LITTLE_ENDIAN__ -DUSE_FORTRAN_BLAS -DNO_GUI -MM ../common/cubic_ccd_wrapper.cpp -MT obj_debug/cubic_ccd_wrapper.o -I. -I../common -I../common/newsparse -I../common/meshes -I../common/tunicate >> obj_debug/depend; g++ -D__LITTLE_ENDIAN__ -DUSE_FORTRAN_BLAS -DNO_GUI -MM ../common/collisionqueries.cpp -MT obj_debug/collisionqueries.o -I. -I../common -I../common/newsparse -I../common/meshes -I../common/tunicate >> obj_debug/depend;
 ---> make release
g++ -Wall -D__LITTLE_ENDIAN__ -DUSE_FORTRAN_BLAS -DNO_GUI -fPIC  -c -O3 -funroll-loops -I. -I../common -I../common/newsparse -I../common/meshes -I../common/tunicate -o obj/accelerationgrid.o accelerationgrid.cpp
g++ -Wall -D__LITTLE_ENDIAN__ -DUSE_FORTRAN_BLAS -DNO_GUI -fPIC  -c -O3 -funroll-loops -I. -I../common -I../common/newsparse -I../common/meshes -I../common/tunicate -o obj/broadphasegrid.o broadphasegrid.cpp
g++ -Wall -D__LITTLE_ENDIAN__ -DUSE_FORTRAN_BLAS -DNO_GUI -fPIC  -c -O3 -funroll-loops -I. -I../common -I../common/newsparse -I../common/meshes -I../common/tunicate -o obj/collisionpipeline.o collisionpipeline.cpp
g++ -Wall -D__LITTLE_ENDIAN__ -DUSE_FORTRAN_BLAS -DNO_GUI -fPIC  -c -O3 -funroll-loops -I. -I../common -I../common/newsparse -I../common/meshes -I../common/tunicate -o obj/dynamicsurface.o dynamicsurface.cpp
g++ -Wall -D__LITTLE_ENDIAN__ -DUSE_FORTRAN_BLAS -DNO_GUI -fPIC  -c -O3 -funroll-loops -I. -I../common -I../common/newsparse -I../common/meshes -I../common/tunicate -o obj/edgecollapser.o edgecollapser.cpp
g++ -Wall -D__LITTLE_ENDIAN__ -DUSE_FORTRAN_BLAS -DNO_GUI -fPIC  -c -O3 -funroll-loops -I. -I../common -I../common/newsparse -I../common/meshes -I../common/tunicate -o obj/edgeflipper.o edgeflipper.cpp
g++ -Wall -D__LITTLE_ENDIAN__ -DUSE_FORTRAN_BLAS -DNO_GUI -fPIC  -c -O3 -funroll-loops -I. -I../common -I../common/newsparse -I../common/meshes -I../common/tunicate -o obj/edgesplitter.o edgesplitter.cpp
g++ -Wall -D__LITTLE_ENDIAN__ -DUSE_FORTRAN_BLAS -DNO_GUI -fPIC  -c -O3 -funroll-loops -I. -I../common -I../common/newsparse -I../common/meshes -I../common/tunicate -o obj/eltopo.o eltopo.cpp
g++ -Wall -D__LITTLE_ENDIAN__ -DUSE_FORTRAN_BLAS -DNO_GUI -fPIC  -c -O3 -funroll-loops -I. -I../common -I../common/newsparse -I../common/meshes -I../common/tunicate -o obj/impactzonesolver.o impactzonesolver.cpp
g++ -Wall -D__LITTLE_ENDIAN__ -DUSE_FORTRAN_BLAS -DNO_GUI -fPIC  -c -O3 -funroll-loops -I. -I../common -I../common/newsparse -I../common/meshes -I../common/tunicate -o obj/meshmerger.o meshmerger.cpp
g++ -Wall -D__LITTLE_ENDIAN__ -DUSE_FORTRAN_BLAS -DNO_GUI -fPIC  -c -O3 -funroll-loops -I. -I../common -I../common/newsparse -I../common/meshes -I../common/tunicate -o obj/meshpincher.o meshpincher.cpp
g++ -Wall -D__LITTLE_ENDIAN__ -DUSE_FORTRAN_BLAS -DNO_GUI -fPIC  -c -O3 -funroll-loops -I. -I../common -I../common/newsparse -I../common/meshes -I../common/tunicate -o obj/meshsmoother.o meshsmoother.cpp
g++ -Wall -D__LITTLE_ENDIAN__ -DUSE_FORTRAN_BLAS -DNO_GUI -fPIC  -c -O3 -funroll-loops -I. -I../common -I../common/newsparse -I../common/meshes -I../common/tunicate -o obj/meshrenderer.o meshrenderer.cpp
g++ -Wall -D__LITTLE_ENDIAN__ -DUSE_FORTRAN_BLAS -DNO_GUI -fPIC  -c -O3 -funroll-loops -I. -I../common -I../common/newsparse -I../common/meshes -I../common/tunicate -o obj/nondestructivetrimesh.o nondestructivetrimesh.cpp
g++ -Wall -D__LITTLE_ENDIAN__ -DUSE_FORTRAN_BLAS -DNO_GUI -fPIC  -c -O3 -funroll-loops -I. -I../common -I../common/newsparse -I../common/meshes -I../common/tunicate -o obj/subdivisionscheme.o subdivisionscheme.cpp
g++ -Wall -D__LITTLE_ENDIAN__ -DUSE_FORTRAN_BLAS -DNO_GUI -fPIC  -c -O3 -funroll-loops -I. -I../common -I../common/newsparse -I../common/meshes -I../common/tunicate -o obj/surftrack.o surftrack.cpp
g++ -Wall -D__LITTLE_ENDIAN__ -DUSE_FORTRAN_BLAS -DNO_GUI -fPIC  -c -O3 -funroll-loops -I. -I../common -I../common/newsparse -I../common/meshes -I../common/tunicate -o obj/trianglequality.o trianglequality.cpp
g++ -Wall -D__LITTLE_ENDIAN__ -DUSE_FORTRAN_BLAS -DNO_GUI -fPIC  -c -O3 -funroll-loops -I. -I../common -I../common/newsparse -I../common/meshes -I../common/tunicate -o obj/wallclocktime.o ../common/wallclocktime.cpp
g++ -Wall -D__LITTLE_ENDIAN__ -DUSE_FORTRAN_BLAS -DNO_GUI -fPIC  -c -O3 -funroll-loops -I. -I../common -I../common/newsparse -I../common/meshes -I../common/tunicate -o obj/sparse_matrix.o ../common/newsparse/sparse_matrix.cpp
g++ -Wall -D__LITTLE_ENDIAN__ -DUSE_FORTRAN_BLAS -DNO_GUI -fPIC  -c -O3 -funroll-loops -I. -I../common -I../common/newsparse -I../common/meshes -I../common/tunicate -o obj/krylov_solvers.o ../common/newsparse/krylov_solvers.cpp
g++ -Wall -D__LITTLE_ENDIAN__ -DUSE_FORTRAN_BLAS -DNO_GUI -fPIC  -c -O3 -funroll-loops -I. -I../common -I../common/newsparse -I../common/meshes -I../common/tunicate -o obj/expansion.o ../common/tunicate/expansion.cpp
g++ -Wall -D__LITTLE_ENDIAN__ -DUSE_FORTRAN_BLAS -DNO_GUI -fPIC  -c -O3 -funroll-loops -I. -I../common -I../common/newsparse -I../common/meshes -I../common/tunicate -o obj/intersection.o ../common/tunicate/intersection.cpp
../common/tunicate/intersection.cpp: In function 'int simplex_intersection_time3d(int, const double*, int, const double*, int, const double*, int, const double*, int, const double*, int, double*, double*, double*, double*, double*)':
../common/tunicate/intersection.cpp:383:38: warning: narrowing conversion of 'time0' from 'int' to 'double' inside { } is ill-formed in C++11 [-Wnarrowing]
     double r0[3]={x0[0], x0[2], time0}, r1[3]={x1[0], x1[2], time1},
                                      ^
../common/tunicate/intersection.cpp:383:67: warning: narrowing conversion of 'time1' from 'int' to 'double' inside { } is ill-formed in C++11 [-Wnarrowing]
     double r0[3]={x0[0], x0[2], time0}, r1[3]={x1[0], x1[2], time1},
                                                                   ^
../common/tunicate/intersection.cpp:384:31: warning: narrowing conversion of 'time2' from 'int' to 'double' inside { } is ill-formed in C++11 [-Wnarrowing]
     r2[3]={x2[0], x2[2], time2}, r3[3]={x3[0], x3[2], time3},
                               ^
../common/tunicate/intersection.cpp:384:60: warning: narrowing conversion of 'time3' from 'int' to 'double' inside { } is ill-formed in C++11 [-Wnarrowing]
     r2[3]={x2[0], x2[2], time2}, r3[3]={x3[0], x3[2], time3},
                                                            ^
../common/tunicate/intersection.cpp:385:31: warning: narrowing conversion of 'time4' from 'int' to 'double' inside { } is ill-formed in C++11 [-Wnarrowing]
     r4[3]={x4[0], x4[2], time4};
                               ^
../common/tunicate/intersection.cpp:389:38: warning: narrowing conversion of 'time0' from 'int' to 'double' inside { } is ill-formed in C++11 [-Wnarrowing]
     double p0[3]={x0[0], x0[2], time0}, p1[3]={x1[0], x1[2], time1},
                                      ^
../common/tunicate/intersection.cpp:389:67: warning: narrowing conversion of 'time1' from 'int' to 'double' inside { } is ill-formed in C++11 [-Wnarrowing]
     double p0[3]={x0[0], x0[2], time0}, p1[3]={x1[0], x1[2], time1},
                                                                   ^
../common/tunicate/intersection.cpp:390:31: warning: narrowing conversion of 'time2' from 'int' to 'double' inside { } is ill-formed in C++11 [-Wnarrowing]
     p2[3]={x2[0], x2[2], time2}, p3[3]={x3[0], x3[2], time3},
                               ^
../common/tunicate/intersection.cpp:390:60: warning: narrowing conversion of 'time3' from 'int' to 'double' inside { } is ill-formed in C++11 [-Wnarrowing]
     p2[3]={x2[0], x2[2], time2}, p3[3]={x3[0], x3[2], time3},
                                                            ^
../common/tunicate/intersection.cpp:391:31: warning: narrowing conversion of 'time4' from 'int' to 'double' inside { } is ill-formed in C++11 [-Wnarrowing]
     p4[3]={x4[0], x4[2], time4};
                               ^
../common/tunicate/intersection.cpp:395:38: warning: narrowing conversion of 'time0' from 'int' to 'double' inside { } is ill-formed in C++11 [-Wnarrowing]
     double q0[3]={x0[0], x0[1], time0}, q1[3]={x1[0], x1[1], time1},
                                      ^
../common/tunicate/intersection.cpp:395:67: warning: narrowing conversion of 'time1' from 'int' to 'double' inside { } is ill-formed in C++11 [-Wnarrowing]
     double q0[3]={x0[0], x0[1], time0}, q1[3]={x1[0], x1[1], time1},
                                                                   ^
../common/tunicate/intersection.cpp:396:31: warning: narrowing conversion of 'time2' from 'int' to 'double' inside { } is ill-formed in C++11 [-Wnarrowing]
     q2[3]={x2[0], x2[1], time2}, q3[3]={x3[0], x3[1], time3},
                               ^
../common/tunicate/intersection.cpp:396:60: warning: narrowing conversion of 'time3' from 'int' to 'double' inside { } is ill-formed in C++11 [-Wnarrowing]
     q2[3]={x2[0], x2[1], time2}, q3[3]={x3[0], x3[1], time3},
                                                            ^
../common/tunicate/intersection.cpp:397:31: warning: narrowing conversion of 'time4' from 'int' to 'double' inside { } is ill-formed in C++11 [-Wnarrowing]
     q4[3]={x4[0], x4[1], time4};
                               ^
g++ -Wall -D__LITTLE_ENDIAN__ -DUSE_FORTRAN_BLAS -DNO_GUI -fPIC  -c -O3 -funroll-loops -I. -I../common -I../common/newsparse -I../common/meshes -I../common/tunicate -o obj/neg.o ../common/tunicate/neg.cpp
g++ -Wall -D__LITTLE_ENDIAN__ -DUSE_FORTRAN_BLAS -DNO_GUI -fPIC  -c -O3 -funroll-loops -I. -I../common -I../common/newsparse -I../common/meshes -I../common/tunicate -o obj/orientation.o ../common/tunicate/orientation.cpp
g++ -Wall -D__LITTLE_ENDIAN__ -DUSE_FORTRAN_BLAS -DNO_GUI -fPIC  -c -O3 -funroll-loops -I. -I../common -I../common/newsparse -I../common/meshes -I../common/tunicate -o obj/root_parity_ccd_wrapper.o ../common/root_parity_ccd_wrapper.cpp
g++ -Wall -D__LITTLE_ENDIAN__ -DUSE_FORTRAN_BLAS -DNO_GUI -fPIC  -c -O3 -funroll-loops -I. -I../common -I../common/newsparse -I../common/meshes -I../common/tunicate -o obj/cubic_ccd_wrapper.o ../common/cubic_ccd_wrapper.cpp
../common/cubic_ccd_wrapper.cpp: In function 'bool segment_triangle_intersection(const Vec3d&, size_t, const Vec3d&, size_t, const Vec3d&, size_t, const Vec3d&, size_t, const Vec3d&, size_t, bool, bool)':
../common/cubic_ccd_wrapper.cpp:1040:110: warning: 'bary[4]' is used uninitialized in this function [-Wuninitialized]
                                              g_collision_epsilon, degenerate_counts_as_intersection, verbose );
                                                                                                              ^
../common/cubic_ccd_wrapper.cpp:1040:110: warning: 'bary[3]' is used uninitialized in this function [-Wuninitialized]
../common/cubic_ccd_wrapper.cpp:1040:110: warning: 'bary[2]' is used uninitialized in this function [-Wuninitialized]
../common/cubic_ccd_wrapper.cpp:1040:110: warning: 'bary[1]' is used uninitialized in this function [-Wuninitialized]
../common/cubic_ccd_wrapper.cpp:1040:110: warning: 'bary[0]' is used uninitialized in this function [-Wuninitialized]
g++ -Wall -D__LITTLE_ENDIAN__ -DUSE_FORTRAN_BLAS -DNO_GUI -fPIC  -c -O3 -funroll-loops -I. -I../common -I../common/newsparse -I../common/meshes -I../common/tunicate -o obj/collisionqueries.o ../common/collisionqueries.cpp
ar r libeltopo_release.a obj/accelerationgrid.o obj/broadphasegrid.o obj/collisionpipeline.o obj/dynamicsurface.o obj/edgecollapser.o obj/edgeflipper.o obj/edgesplitter.o obj/eltopo.o obj/impactzonesolver.o obj/meshmerger.o obj/meshpincher.o obj/meshsmoother.o obj/meshrenderer.o obj/nondestructivetrimesh.o obj/subdivisionscheme.o obj/surftrack.o obj/trianglequality.o obj/wallclocktime.o obj/sparse_matrix.o obj/krylov_solvers.o obj/expansion.o obj/intersection.o obj/neg.o obj/orientation.o obj/root_parity_ccd_wrapper.o obj/cubic_ccd_wrapper.o obj/collisionqueries.o
ar: creating libeltopo_release.a
ranlib libeltopo_release.a
 ---> cd $WORKSPACE
./trianglequality.h
./surftrack.h
./subdivisionscheme.h
./options.h
./nondestructivetrimesh.h
./meshsmoother.h
./meshrenderer.h
./meshpincher.h
./meshoperator.h
./meshmerger.h
./impactzonesolver.h
./eltopo.h
./edgesplitter.h
./edgeflipper.h
./edgecollapser.h
./dynamicsurface.h
./collisionpipeline.h
./broadphasegrid.h
./broadphase.h
./accelerationgrid.h
./wallclocktime.h
./vec.h
./util.h
./runstats.h
./matlapack.h
./mat.h
./marching_triangles.h
./marching_tiles_hires.h
./makelevelset3.h
./makelevelset2.h
./levelset.h
./lapack_wrapper.h
./hashtable.h
./grid3.h
./gluvi.h
./fileio.h
./commonoptions.h
./collisionqueries.h
./ccd_wrapper.h
./ccd_defs.h
./blas_wrapper.h
./bfstream.h
./array3_utils.h
./array3.h
./array2_utils.h
./array2.h
./array1.h
./tunicate/tunicate.h
./tunicate/rootparitycollisiontest.h
./tunicate/neg.h
./tunicate/intervalbase.h
./tunicate/interval.h
./tunicate/fenv_include.h
./tunicate/expansion.h
./newsparse/sparse_matrix.h
./newsparse/linear_operator.h
./newsparse/krylov_solvers.h
./newsparse/dense_matrix.h
./newsparse/bicgstab.h
 ---> g++ srcdir/eltopo/eltopo3d/obj/*.o destdir/lib/libopenblas64_.a -o destdir/lib/eltopo.so -fPIC -shared -lstdc++ -lm -lgfortran
 ---> g++ srcdir/eltopoc.cpp -o destdir/lib/eltopoc.so -fPIC -shared -I./destdir/include ./destdir/lib/eltopo.so
 ---> exit
 ---> exit
verbose sandbox enabled (running in unprivileged container mode)
Parsed --rootfs as "/home/janiserdmanis/.julia/packages/BinaryBuilder/urI2A/deps/mounts/Rootfs.v2018.9.18.x86_64-linux-gnu"
Parsed --cd as "/workspace/srcdir"
Parsed --workspace as "/home/janiserdmanis/BtSync/Projects/Julia/ElTopoBuilder/build/x86_64-linux-gnu/e5pyaoK1" -> "/workspace"
Parsed --workspace as "/home/janiserdmanis/BtSync/Projects/Julia/ElTopoBuilder/build/x86_64-linux-gnu/e5pyaoK1/metadir" -> "/meta"
Parsed --map as "/home/janiserdmanis/.julia/packages/BinaryBuilder/urI2A/deps/mounts/BaseCompilerShard-x86_64-linux-gnu.v2018.10.10.x86_64-linux-gnu" -> "/opt/x86_64-linux-gnu/BaseCompilerShard-2018.10.10"
Parsed --map as "/home/janiserdmanis/.julia/packages/BinaryBuilder/urI2A/deps/mounts/GCC-x86_64-linux-gnu.v4.8.5.x86_64-linux-gnu" -> "/opt/x86_64-linux-gnu/GCC-4.8.5"
Parsed --map as "/home/janiserdmanis/.julia/packages/BinaryBuilder/urI2A/deps/mounts/LLVM.v6.0.1-0.x86_64-linux-gnu" -> "/opt/x86_64-linux-gnu/LLVM-6.0.1-0"
Child Process PID is 22196
--> Mapping 1000:1000 to root:root within container namespace
Child Process exited, exit code 0
